<?xml version="1.0" encoding="UTF-8"?>
<testsuite xmlns:xsi="http://www.w3.org/2001/XMLSchema-instance" xsi:noNamespaceSchemaLocation="https://maven.apache.org/surefire/maven-surefire-plugin/xsd/surefire-test-report-3.0.xsd" version="3.0" name="TestSuite" time="136.194" tests="15" errors="0" skipped="4" failures="0">
  <properties>
[...]
</properties>
  <testcase name="testCreateBucket" classname="com.googlecloud.testing.commands.CreateBucketCommandTest" time="0">
    <skipped message="Skipping due to lack of bucket creation permissions"/>
    <system-out><![CDATA[[TestNGContentHandler] [WARN] It is strongly recommended to add "<!DOCTYPE suite SYSTEM "http://testng.org/testng-1.0.dtd" >" at the top of your file, otherwise TestNG may fail or not work as expected.
]]></system-out>
    <system-err><![CDATA[Mar 12, 2025 7:54:01 PM com.googlecloud.testing.utils.ConfigLoader getProperties
INFO: Configuration loaded successfully
Mar 12, 2025 7:54:01 PM com.googlecloud.testing.utils.ConfigLoader getTestBucketName
INFO: Using bucket name from config: gcloud-cli-test-bucket-1234
Mar 12, 2025 7:54:01 PM com.googlecloud.testing.BaseTest suiteSetup
INFO: Setting up test suite
Mar 12, 2025 7:54:01 PM com.googlecloud.testing.commands.StorageCommandExecutor executeCommand
INFO: Executing command: gcloud storage --help
Mar 12, 2025 7:54:03 PM com.googlecloud.testing.commands.StorageCommandExecutor executeCommand
INFO: Command completed with exit code: 0
Mar 12, 2025 7:54:03 PM com.googlecloud.testing.BaseTest suiteSetup
INFO: Using test bucket: gcloud-cli-test-bucket-1234
Mar 12, 2025 7:54:03 PM com.googlecloud.testing.BaseTest suiteSetup
INFO: Using project ID: mend-project-arielle-123
Mar 12, 2025 7:54:03 PM com.googlecloud.testing.commands.StorageCommandExecutor executeCommand
INFO: Executing command: gcloud storage ls gs://gcloud-cli-test-bucket-1234 --project=mend-project-arielle-123
Mar 12, 2025 7:54:06 PM com.googlecloud.testing.commands.StorageCommandExecutor executeCommand
INFO: Command completed with exit code: 0
Mar 12, 2025 7:54:06 PM com.googlecloud.testing.commands.StorageCommandExecutor executeCommand
INFO: Executing command: gcloud storage cp test-file-1741802046241.txt gs://gcloud-cli-test-bucket-1234/ --project=mend-project-arielle-123
Mar 12, 2025 7:54:13 PM com.googlecloud.testing.commands.StorageCommandExecutor executeCommand
INFO: Command completed with exit code: 0
Mar 12, 2025 7:54:13 PM com.googlecloud.testing.BaseTest createTestFile
INFO: Test file uploaded successfully
Mar 12, 2025 7:54:13 PM com.googlecloud.testing.commands.StorageCommandExecutor executeCommand
INFO: Executing command: gcloud storage ls gs://gcloud-cli-test-bucket-1234 --project=mend-project-arielle-123
Mar 12, 2025 7:54:13 PM com.googlecloud.testing.commands.StorageCommandExecutor executeCommand
INFO: Executing command: gcloud storage cp test-ls-1.txt gs://gcloud-cli-test-bucket-1234/ --project=mend-project-arielle-123
Mar 12, 2025 7:54:13 PM com.googlecloud.testing.commands.CopyCommandTest setUp
INFO: Created local source file: C:\Users\ariel\leetCodde questions\mendTest\test-cp-source-1741802053392.txt
Mar 12, 2025 7:54:13 PM com.googlecloud.testing.commands.StorageCommandExecutor executeCommand
INFO: Executing command: gcloud storage cp test-cp-source-1741802053392.txt gs://gcloud-cli-test-bucket-1234/ --project=mend-project-arielle-123
]]></system-err>
  </testcase>
  <testcase name="testCreateBucketWithInvalidName" classname="com.googlecloud.testing.commands.CreateBucketCommandTest" time="0">
    <skipped message="Skipping due to lack of bucket creation permissions"/>
  </testcase>
  <testcase name="testCreateBucketWithLocation" classname="com.googlecloud.testing.commands.CreateBucketCommandTest" time="0">
    <skipped message="Skipping due to lack of bucket creation permissions"/>
  </testcase>
  <testcase name="testCreateExistingBucket" classname="com.googlecloud.testing.commands.CreateBucketCommandTest" time="0">
    <skipped message="Skipping due to lack of bucket creation permissions"/>
  </testcase>
  <testcase name="testSignUrlGeneratesValidUrl" classname="com.googlecloud.testing.commands.SignUrlCommandTest" time="0.895">
    <system-err><![CDATA[Mar 12, 2025 7:54:17 PM com.googlecloud.testing.commands.StorageCommandExecutor executeCommand
INFO: Command completed with exit code: 0
Mar 12, 2025 7:54:17 PM com.googlecloud.testing.commands.StorageCommandExecutor executeCommand
INFO: Executing command: gcloud storage cp test-sign-url.txt gs://gcloud-cli-test-bucket-1234/ --project=mend-project-arielle-123
Mar 12, 2025 7:54:24 PM com.googlecloud.testing.commands.StorageCommandExecutor executeCommand
INFO: Command completed with exit code: 0
Mar 12, 2025 7:54:24 PM com.googlecloud.testing.commands.StorageCommandExecutor executeCommand
INFO: Executing command: gcloud storage cp test-ls-2.txt gs://gcloud-cli-test-bucket-1234/ --project=mend-project-arielle-123
Mar 12, 2025 7:54:25 PM com.googlecloud.testing.commands.StorageCommandExecutor executeCommand
INFO: Command completed with exit code: 0
Mar 12, 2025 7:54:25 PM com.googlecloud.testing.commands.StorageCommandExecutor executeCommand
INFO: Executing command: gcloud storage cp gs://gcloud-cli-test-bucket-1234/test-cp-source-1741802053392.txt gs://gcloud-cli-test-bucket-1234/test-cp-dest-1741802053392.txt --project=mend-project-arielle-123
Mar 12, 2025 7:54:28 PM com.googlecloud.testing.commands.StorageCommandExecutor executeCommand
INFO: Command completed with exit code: 0
Mar 12, 2025 7:54:28 PM com.googlecloud.testing.commands.SignUrlCommandTest setUp
INFO: Test file for sign-url uploaded successfully
Mar 12, 2025 7:54:28 PM com.googlecloud.testing.commands.StorageCommandExecutor executeCommand
INFO: Executing command: gcloud storage ls gs://gcloud-cli-test-bucket-1234 --project=mend-project-arielle-123
Mar 12, 2025 7:54:33 PM com.googlecloud.testing.commands.StorageCommandExecutor executeCommand
INFO: Command completed with exit code: 0
Mar 12, 2025 7:54:33 PM com.googlecloud.testing.commands.StorageCommandExecutor executeCommand
INFO: Executing command: gcloud storage sign-url gs://gcloud-cli-test-bucket-1234/test-sign-url.txt --duration=1h --region=us-central1 --project=mend-project-arielle-123
Mar 12, 2025 7:54:37 PM com.googlecloud.testing.commands.StorageCommandExecutor executeCommand
INFO: Command completed with exit code: 0
Mar 12, 2025 7:54:37 PM com.googlecloud.testing.commands.StorageCommandExecutor executeCommand
INFO: Executing command: gcloud storage ls --project=mend-project-arielle-123
Mar 12, 2025 7:54:37 PM com.googlecloud.testing.commands.StorageCommandExecutor executeCommand
INFO: Command completed with exit code: 0
Mar 12, 2025 7:54:37 PM com.googlecloud.testing.commands.StorageCommandExecutor executeCommand
INFO: Executing command: gcloud storage ls gs://gcloud-cli-test-bucket-1234/test-cp-source-1741802053392.txt --project=mend-project-arielle-123
Mar 12, 2025 7:54:38 PM com.googlecloud.testing.commands.StorageCommandExecutor executeCommand
INFO: Command completed with exit code: 1
Mar 12, 2025 7:54:38 PM com.googlecloud.testing.commands.SignUrlCommandTest testSignUrlGeneratesValidUrl
INFO: Skipping sign-url validation as it requires a service account
]]></system-err>
  </testcase>
  <testcase name="testSignUrlWithDifferentDurations" classname="com.googlecloud.testing.commands.SignUrlCommandTest" time="7.672">
    <system-err><![CDATA[Mar 12, 2025 7:54:47 PM com.googlecloud.testing.commands.CopyCommandTest setUp
INFO: Created local source file: C:\Users\ariel\leetCodde questions\mendTest\test-cp-source-1741802087394.txt
Mar 12, 2025 7:54:47 PM com.googlecloud.testing.commands.StorageCommandExecutor executeCommand
INFO: Executing command: gcloud storage cp test-cp-source-1741802087394.txt gs://gcloud-cli-test-bucket-1234/ --project=mend-project-arielle-123
Mar 12, 2025 7:54:53 PM com.googlecloud.testing.commands.StorageCommandExecutor executeCommand
INFO: Command completed with exit code: 0
Mar 12, 2025 7:54:53 PM com.googlecloud.testing.commands.StorageCommandExecutor executeCommand
INFO: Executing command: gcloud storage cp test-ls-2.txt gs://gcloud-cli-test-bucket-1234/ --project=mend-project-arielle-123
Mar 12, 2025 7:54:54 PM com.googlecloud.testing.commands.StorageCommandExecutor executeCommand
INFO: Command completed with exit code: 0
Mar 12, 2025 7:54:54 PM com.googlecloud.testing.commands.SignUrlCommandTest setUp
INFO: Test file for sign-url uploaded successfully
Mar 12, 2025 7:54:54 PM com.googlecloud.testing.commands.StorageCommandExecutor executeCommand
INFO: Executing command: gcloud storage ls gs://gcloud-cli-test-bucket-1234 --project=mend-project-arielle-123
Mar 12, 2025 7:54:58 PM com.googlecloud.testing.commands.StorageCommandExecutor executeCommand
INFO: Command completed with exit code: 0
Mar 12, 2025 7:54:58 PM com.googlecloud.testing.commands.StorageCommandExecutor executeCommand
INFO: Executing command: gcloud storage cp gs://gcloud-cli-test-bucket-1234/test-cp-source-1741802087394.txt test-cp-dest-1741802087394.txt --project=mend-project-arielle-123
Mar 12, 2025 7:54:58 PM com.googlecloud.testing.commands.StorageCommandExecutor executeCommand
INFO: Command completed with exit code: 0
Mar 12, 2025 7:54:58 PM com.googlecloud.testing.commands.StorageCommandExecutor executeCommand
INFO: Executing command: gcloud storage sign-url gs://gcloud-cli-test-bucket-1234/test-sign-url.txt --duration=5s --region=us-central1 --project=mend-project-arielle-123
Mar 12, 2025 7:55:02 PM com.googlecloud.testing.commands.StorageCommandExecutor executeCommand
INFO: Command completed with exit code: 1
Mar 12, 2025 7:55:02 PM com.googlecloud.testing.commands.SignUrlCommandTest testSignUrlWithDifferentDurations
INFO: Skipping sign-url validation as it requires a service account
]]></system-err>
  </testcase>
  <testcase name="testSignUrlWithInvalidParameters" classname="com.googlecloud.testing.commands.SignUrlCommandTest" time="3.508">
    <system-err><![CDATA[Mar 12, 2025 7:55:08 PM com.googlecloud.testing.commands.CopyCommandTest setUp
INFO: Created local source file: C:\Users\ariel\leetCodde questions\mendTest\test-cp-source-1741802108781.txt
Mar 12, 2025 7:55:08 PM com.googlecloud.testing.commands.StorageCommandExecutor executeCommand
INFO: Executing command: gcloud storage cp test-cp-source-1741802108781.txt gs://gcloud-cli-test-bucket-1234/ --project=mend-project-arielle-123
Mar 12, 2025 7:55:16 PM com.googlecloud.testing.commands.StorageCommandExecutor executeCommand
INFO: Command completed with exit code: 0
Mar 12, 2025 7:55:16 PM com.googlecloud.testing.commands.SignUrlCommandTest setUp
INFO: Test file for sign-url uploaded successfully
Mar 12, 2025 7:55:16 PM com.googlecloud.testing.commands.StorageCommandExecutor executeCommand
INFO: Executing command: gcloud storage sign-url gs://gcloud-cli-test-bucket-1234/non-existent-file.txt --duration=1h --region=us-central1 --project=mend-project-arielle-123
Mar 12, 2025 7:55:18 PM com.googlecloud.testing.commands.StorageCommandExecutor executeCommand
INFO: Command completed with exit code: 0
Mar 12, 2025 7:55:18 PM com.googlecloud.testing.commands.StorageCommandExecutor executeCommand
INFO: Executing command: gcloud storage cp test-ls-2.txt gs://gcloud-cli-test-bucket-1234/ --project=mend-project-arielle-123
Mar 12, 2025 7:55:19 PM com.googlecloud.testing.commands.StorageCommandExecutor executeCommand
INFO: Command completed with exit code: 0
Mar 12, 2025 7:55:19 PM com.googlecloud.testing.commands.StorageCommandExecutor executeCommand
INFO: Executing command: gcloud storage ls gs://gcloud-cli-test-bucket-1234/test-cp-source-1741802108781.txt --project=mend-project-arielle-123
Mar 12, 2025 7:55:19 PM com.googlecloud.testing.commands.StorageCommandExecutor executeCommand
INFO: Command completed with exit code: 1
Mar 12, 2025 7:55:19 PM com.googlecloud.testing.commands.SignUrlCommandTest testSignUrlWithInvalidParameters
INFO: Error message for invalid file: ERROR: (gcloud.storage.sign-url) This command requires a service account to sign a URL. Please authenticate with a service account, or provide the global '--impersonate-service-account' flag.
]]></system-err>
  </testcase>
  <testcase name="testListBuckets" classname="com.googlecloud.testing.commands.ListCommandTest" time="5.086">
    <system-err><![CDATA[Mar 12, 2025 7:54:38 PM com.googlecloud.testing.commands.StorageCommandExecutor executeCommand
INFO: Executing command: gcloud storage ls gs://gcloud-cli-test-bucket-1234 --project=mend-project-arielle-123
Mar 12, 2025 7:54:42 PM com.googlecloud.testing.commands.StorageCommandExecutor executeCommand
INFO: Command completed with exit code: 0
]]></system-err>
  </testcase>
  <testcase name="testListFilesInBucket" classname="com.googlecloud.testing.commands.ListCommandTest" time="3.98">
    <system-err><![CDATA[Mar 12, 2025 7:55:02 PM com.googlecloud.testing.commands.StorageCommandExecutor executeCommand
INFO: Executing command: gcloud storage ls gs://gcloud-cli-test-bucket-1234 --project=mend-project-arielle-123
Mar 12, 2025 7:55:04 PM com.googlecloud.testing.commands.StorageCommandExecutor executeCommand
INFO: Command completed with exit code: 0
Mar 12, 2025 7:55:04 PM com.googlecloud.testing.commands.StorageCommandExecutor executeCommand
INFO: Executing command: gcloud storage ls gs://gcloud-cli-test-bucket-1234 --project=mend-project-arielle-123
Mar 12, 2025 7:55:06 PM com.googlecloud.testing.commands.StorageCommandExecutor executeCommand
INFO: Command completed with exit code: 0
Mar 12, 2025 7:55:06 PM com.googlecloud.testing.commands.StorageCommandExecutor executeCommand
INFO: Executing command: gcloud storage cp test-sign-url.txt gs://gcloud-cli-test-bucket-1234/ --project=mend-project-arielle-123
Mar 12, 2025 7:55:08 PM com.googlecloud.testing.commands.StorageCommandExecutor executeCommand
INFO: Command completed with exit code: 0
]]></system-err>
  </testcase>
  <testcase name="testListWithLongFormat" classname="com.googlecloud.testing.commands.ListCommandTest" time="10.196">
    <system-err><![CDATA[Mar 12, 2025 7:55:22 PM com.googlecloud.testing.commands.CopyCommandTest setUp
INFO: Created local source file: C:\Users\ariel\leetCodde questions\mendTest\test-cp-source-1741802122296.txt
Mar 12, 2025 7:55:22 PM com.googlecloud.testing.commands.StorageCommandExecutor executeCommand
INFO: Executing command: gcloud storage cp -r subdir-1741802122299 gs://gcloud-cli-test-bucket-1234/ --project=mend-project-arielle-123
Mar 12, 2025 7:55:26 PM com.googlecloud.testing.commands.StorageCommandExecutor executeCommand
INFO: Command completed with exit code: 0
Mar 12, 2025 7:55:26 PM com.googlecloud.testing.commands.StorageCommandExecutor executeCommand
INFO: Executing command: gcloud storage ls -l gs://gcloud-cli-test-bucket-1234 --project=mend-project-arielle-123
Mar 12, 2025 7:55:36 PM com.googlecloud.testing.commands.StorageCommandExecutor executeCommand
INFO: Command completed with exit code: 0
]]></system-err>
  </testcase>
  <testcase name="testListWithPattern" classname="com.googlecloud.testing.commands.ListCommandTest" time="4.804">
    <system-err><![CDATA[Mar 12, 2025 7:55:47 PM com.googlecloud.testing.commands.StorageCommandExecutor executeCommand
INFO: Command completed with exit code: 0
Mar 12, 2025 7:55:47 PM com.googlecloud.testing.commands.StorageCommandExecutor executeCommand
INFO: Executing command: gcloud storage cp test-ls-2.txt gs://gcloud-cli-test-bucket-1234/ --project=mend-project-arielle-123
Mar 12, 2025 7:55:53 PM com.googlecloud.testing.commands.StorageCommandExecutor executeCommand
INFO: Command completed with exit code: 0
Mar 12, 2025 7:55:53 PM com.googlecloud.testing.commands.StorageCommandExecutor executeCommand
INFO: Executing command: gcloud storage ls gs://gcloud-cli-test-bucket-1234/test-ls-*.txt --project=mend-project-arielle-123
Mar 12, 2025 7:55:56 PM com.googlecloud.testing.commands.StorageCommandExecutor executeCommand
INFO: Command completed with exit code: 0
Mar 12, 2025 7:55:56 PM com.googlecloud.testing.commands.StorageCommandExecutor executeCommand
INFO: Executing command: gcloud storage ls gs://gcloud-cli-test-bucket-1234/test-ls-1*.txt --project=mend-project-arielle-123
Mar 12, 2025 7:55:58 PM com.googlecloud.testing.commands.StorageCommandExecutor executeCommand
INFO: Command completed with exit code: 0
]]></system-err>
  </testcase>
  <testcase name="testCopyCloudToCloud" classname="com.googlecloud.testing.commands.CopyCommandTest" time="10.27">
    <system-err><![CDATA[Mar 12, 2025 7:54:42 PM com.googlecloud.testing.commands.StorageCommandExecutor executeCommand
INFO: Executing command: gcloud storage cp test-ls-1.txt gs://gcloud-cli-test-bucket-1234/ --project=mend-project-arielle-123
Mar 12, 2025 7:54:42 PM com.googlecloud.testing.commands.StorageCommandExecutor executeCommand
INFO: Command completed with exit code: 0
Mar 12, 2025 7:54:42 PM com.googlecloud.testing.commands.StorageCommandExecutor executeCommand
INFO: Executing command: gcloud storage ls gs://gcloud-cli-test-bucket-1234/test-cp-dest-1741802053392.txt --project=mend-project-arielle-123
Mar 12, 2025 7:54:42 PM com.googlecloud.testing.commands.StorageCommandExecutor executeCommand
INFO: Command completed with exit code: 0
Mar 12, 2025 7:54:42 PM com.googlecloud.testing.commands.StorageCommandExecutor executeCommand
INFO: Executing command: gcloud storage cp test-sign-url.txt gs://gcloud-cli-test-bucket-1234/ --project=mend-project-arielle-123
Mar 12, 2025 7:54:47 PM com.googlecloud.testing.commands.StorageCommandExecutor executeCommand
INFO: Command completed with exit code: 0
]]></system-err>
  </testcase>
  <testcase name="testCopyCloudToLocal" classname="com.googlecloud.testing.commands.CopyCommandTest" time="4.37">
    <system-err><![CDATA[Mar 12, 2025 7:55:08 PM com.googlecloud.testing.commands.StorageCommandExecutor executeCommand
INFO: Executing command: gcloud storage cp test-ls-1.txt gs://gcloud-cli-test-bucket-1234/ --project=mend-project-arielle-123
Mar 12, 2025 7:55:08 PM com.googlecloud.testing.commands.StorageCommandExecutor executeCommand
INFO: Command completed with exit code: 0
]]></system-err>
  </testcase>
  <testcase name="testCopyLocalToCloud" classname="com.googlecloud.testing.commands.CopyCommandTest" time="6.213">
    <system-err><![CDATA[Mar 12, 2025 7:55:22 PM com.googlecloud.testing.commands.StorageCommandExecutor executeCommand
INFO: Command completed with exit code: 0
]]></system-err>
  </testcase>
  <testcase name="testCopyWithRecursiveFlag" classname="com.googlecloud.testing.commands.CopyCommandTest" time="18.547">
    <system-err><![CDATA[Mar 12, 2025 7:55:36 PM com.googlecloud.testing.commands.StorageCommandExecutor executeCommand
INFO: Executing command: gcloud storage cp test-ls-1.txt gs://gcloud-cli-test-bucket-1234/ --project=mend-project-arielle-123
Mar 12, 2025 7:55:41 PM com.googlecloud.testing.commands.StorageCommandExecutor executeCommand
INFO: Command completed with exit code: 0
Mar 12, 2025 7:55:41 PM com.googlecloud.testing.commands.StorageCommandExecutor executeCommand
INFO: Executing command: gcloud storage ls -r gs://gcloud-cli-test-bucket-1234/subdir-1741802122299 --project=mend-project-arielle-123
Mar 12, 2025 7:55:45 PM com.googlecloud.testing.commands.StorageCommandExecutor executeCommand
INFO: Command completed with exit code: 0
]]></system-err>
  </testcase>
</testsuite>