<?xml version="1.0" encoding="UTF-8"?>
<!-- Generated by org.testng.reporters.JUnitXMLReporter -->
<testsuite hostname="Arielle" ignored="6" name="Command Tests" tests="15" failures="0" timestamp="12 Mar 2025 17:55:58 GMT" time="105.329" errors="0">
  <testcase name="testCreateBucket" time="0.005" classname="com.googlecloud.testing.commands.CreateBucketCommandTest">
    <skipped/>
  </testcase> <!-- testCreateBucket -->
  <testcase name="testCreateBucketWithInvalidName" time="0.001" classname="com.googlecloud.testing.commands.CreateBucketCommandTest">
    <skipped/>
  </testcase> <!-- testCreateBucketWithInvalidName -->
  <testcase name="testCreateBucketWithLocation" time="0.001" classname="com.googlecloud.testing.commands.CreateBucketCommandTest">
    <skipped/>
  </testcase> <!-- testCreateBucketWithLocation -->
  <testcase name="testCreateExistingBucket" time="0.002" classname="com.googlecloud.testing.commands.CreateBucketCommandTest">
    <skipped/>
  </testcase> <!-- testCreateExistingBucket -->
  <testcase name="testSignUrlGeneratesValidUrl" time="9.033" classname="com.googlecloud.testing.commands.SignUrlCommandTest"/>
  <testcase name="testListBuckets" time="5.086" classname="com.googlecloud.testing.commands.ListCommandTest"/>
  <testcase name="testCopyCloudToCloud" time="33.997" classname="com.googlecloud.testing.commands.CopyCommandTest"/>
  <testcase name="testSignUrlWithDifferentDurations" time="7.671" classname="com.googlecloud.testing.commands.SignUrlCommandTest"/>
  <testcase name="testListFilesInBucket" time="3.981" classname="com.googlecloud.testing.commands.ListCommandTest"/>
  <testcase name="testCopyCloudToLocal" time="21.385" classname="com.googlecloud.testing.commands.CopyCommandTest"/>
  <testcase name="testSignUrlWithInvalidParameters" time="3.509" classname="com.googlecloud.testing.commands.SignUrlCommandTest"/>
  <testcase name="testCopyLocalToCloud" time="13.513" classname="com.googlecloud.testing.commands.CopyCommandTest"/>
  <testcase name="testListWithLongFormat" time="10.191" classname="com.googlecloud.testing.commands.ListCommandTest"/>
  <testcase name="testCopyWithRecursiveFlag" time="23.029" classname="com.googlecloud.testing.commands.CopyCommandTest"/>
  <testcase name="testListWithPattern" time="4.804" classname="com.googlecloud.testing.commands.ListCommandTest"/>
  <testcase name="@AfterSuite suiteTeardown" time="0.0" classname="com.googlecloud.testing.BaseTest">
    <ignored/>
  </testcase> <!-- @AfterSuite suiteTeardown -->
  <testcase name="@AfterSuite suiteTeardown" time="0.0" classname="com.googlecloud.testing.BaseTest">
    <ignored/>
  </testcase> <!-- @AfterSuite suiteTeardown -->
  <testcase name="@AfterSuite suiteTeardown" time="0.0" classname="com.googlecloud.testing.BaseTest">
    <ignored/>
  </testcase> <!-- @AfterSuite suiteTeardown -->
  <testcase name="@BeforeSuite suiteSetup" time="0.0" classname="com.googlecloud.testing.BaseTest">
    <ignored/>
  </testcase> <!-- @BeforeSuite suiteSetup -->
  <testcase name="@BeforeSuite suiteSetup" time="0.0" classname="com.googlecloud.testing.BaseTest">
    <ignored/>
  </testcase> <!-- @BeforeSuite suiteSetup -->
  <testcase name="@BeforeSuite suiteSetup" time="0.0" classname="com.googlecloud.testing.BaseTest">
    <ignored/>
  </testcase> <!-- @BeforeSuite suiteSetup -->
</testsuite> <!-- Command Tests -->
